# JRE version: Java(TM) SE Runtime Environment (15.0.1+9) (build 15.0.1+9-18)
# Java VM: Java HotSpot(TM) 64-Bit Server VM (15.0.1+9-18, mixed mode, sharing, tiered, compressed oops, g1 gc, windows-amd64)
GC Precious Log:
 CPUs: 12 total, 12 available
 Memory: 16316M
 Large Page Support: Disabled
 NUMA Support: Disabled
 Compressed Oops: Enabled (Zero based)
 Heap Region Size: 2M
 Heap Min Capacity: 8M
 Heap Initial Capacity: 256M
 Heap Max Capacity: 4080M
 Pre-touch: Disabled
 Parallel Workers: 10
 Concurrent Workers: 3
 Concurrent Refinement Workers: 10
 Periodic GC: Disabled
Heap:
 garbage-first heap   total 90112K, used 57110K [0x0000000701000000, 0x0000000800000000)
  region size 2048K, 17 young (34816K), 2 survivors (4096K)
 Metaspace       used 62955K, capacity 63800K, committed 63952K, reserved 1103872K
  class space    used 8530K, capacity 8786K, committed 8912K, reserved 1048576K
GC Heap History (20 events):
Event: 2.369 GC heap after
{Heap after GC invocations=13 (full 0):
 garbage-first heap   total 81920K, used 18434K [0x0000000701000000, 0x0000000800000000)
  region size 2048K, 2 young (4096K), 2 survivors (4096K)
 Metaspace       used 39968K, capacity 40497K, committed 40700K, reserved 1085440K
  class space    used 5406K, capacity 5594K, committed 5628K, reserved 1048576K
}
Event: 2.595 GC heap before
{Heap before GC invocations=13 (full 0):
 garbage-first heap   total 81920K, used 61442K [0x0000000701000000, 0x0000000800000000)
  region size 2048K, 23 young (47104K), 2 survivors (4096K)
 Metaspace       used 43914K, capacity 44535K, committed 44796K, reserved 1087488K
  class space    used 5923K, capacity 6108K, committed 6140K, reserved 1048576K
}
Event: 2.597 GC heap after
{Heap after GC invocations=14 (full 0):
 garbage-first heap   total 81920K, used 19466K [0x0000000701000000, 0x0000000800000000)
  region size 2048K, 2 young (4096K), 2 survivors (4096K)
 Metaspace       used 43914K, capacity 44535K, committed 44796K, reserved 1087488K
  class space    used 5923K, capacity 6108K, committed 6140K, reserved 1048576K
}
Event: 2.862 GC heap before
{Heap before GC invocations=14 (full 0):
 garbage-first heap   total 81920K, used 62474K [0x0000000701000000, 0x0000000800000000)
  region size 2048K, 23 young (47104K), 2 survivors (4096K)
 Metaspace       used 47928K, capacity 48490K, committed 48892K, reserved 1091584K
  class space    used 6578K, capacity 6761K, committed 6908K, reserved 1048576K
}
Event: 2.866 GC heap after
{Heap after GC invocations=15 (full 0):
 garbage-first heap   total 98304K, used 20280K [0x0000000701000000, 0x0000000800000000)
  region size 2048K, 2 young (4096K), 2 survivors (4096K)
 Metaspace       used 47928K, capacity 48490K, committed 48892K, reserved 1091584K
  class space    used 6578K, capacity 6761K, committed 6908K, reserved 1048576K
}
Event: 3.408 GC heap before
{Heap before GC invocations=15 (full 0):
 garbage-first heap   total 98304K, used 73528K [0x0000000701000000, 0x0000000800000000)
  region size 2048K, 28 young (57344K), 2 survivors (4096K)
 Metaspace       used 52192K, capacity 52732K, committed 52988K, reserved 1095680K
  class space    used 7156K, capacity 7319K, committed 7420K, reserved 1048576K
}
Event: 3.412 GC heap after
{Heap after GC invocations=16 (full 0):
 garbage-first heap   total 98304K, used 22081K [0x0000000701000000, 0x0000000800000000)
  region size 2048K, 3 young (6144K), 3 survivors (6144K)
 Metaspace       used 52192K, capacity 52732K, committed 52988K, reserved 1095680K
  class space    used 7156K, capacity 7319K, committed 7420K, reserved 1048576K
}
Event: 3.752 GC heap before
{Heap before GC invocations=16 (full 0):
 garbage-first heap   total 98304K, used 71233K [0x0000000701000000, 0x0000000800000000)
  region size 2048K, 28 young (57344K), 3 survivors (6144K)
 Metaspace       used 55300K, capacity 55894K, committed 56060K, reserved 1097728K
  class space    used 7579K, capacity 7789K, committed 7932K, reserved 1048576K
}
Event: 3.757 GC heap after
{Heap after GC invocations=17 (full 0):
 garbage-first heap   total 98304K, used 24848K [0x0000000701000000, 0x0000000800000000)
  region size 2048K, 4 young (8192K), 4 survivors (8192K)
 Metaspace       used 55300K, capacity 55894K, committed 56060K, reserved 1097728K
  class space    used 7579K, capacity 7789K, committed 7932K, reserved 1048576K
}
Event: 4.066 GC heap before
{Heap before GC invocations=17 (full 0):
 garbage-first heap   total 98304K, used 71952K [0x0000000701000000, 0x0000000800000000)
  region size 2048K, 28 young (57344K), 4 survivors (8192K)
 Metaspace       used 59703K, capacity 60270K, committed 60368K, reserved 1101824K
  class space    used 8131K, capacity 8309K, committed 8400K, reserved 1048576K
}
Event: 4.071 GC heap after
{Heap after GC invocations=18 (full 0):
 garbage-first heap   total 98304K, used 27461K [0x0000000701000000, 0x0000000800000000)
  region size 2048K, 3 young (6144K), 3 survivors (6144K)
 Metaspace       used 59703K, capacity 60270K, committed 60368K, reserved 1101824K
  class space    used 8131K, capacity 8309K, committed 8400K, reserved 1048576K
}
Event: 266.534 GC heap before
{Heap before GC invocations=19 (full 0):
 garbage-first heap   total 98304K, used 74565K [0x0000000701000000, 0x0000000800000000)
  region size 2048K, 26 young (53248K), 3 survivors (6144K)
 Metaspace       used 62345K, capacity 63037K, committed 63312K, reserved 1103872K
  class space    used 8456K, capacity 8686K, committed 8784K, reserved 1048576K
}
Event: 266.538 GC heap after
{Heap after GC invocations=20 (full 0):
 garbage-first heap   total 118784K, used 28460K [0x0000000701000000, 0x0000000800000000)
  region size 2048K, 2 young (4096K), 2 survivors (4096K)
 Metaspace       used 62345K, capacity 63037K, committed 63312K, reserved 1103872K
  class space    used 8456K, capacity 8686K, committed 8784K, reserved 1048576K
}
Event: 298.294 GC heap before
{Heap before GC invocations=20 (full 0):
 garbage-first heap   total 118784K, used 34604K [0x0000000701000000, 0x0000000800000000)
  region size 2048K, 6 young (12288K), 2 survivors (4096K)
 Metaspace       used 62479K, capacity 63174K, committed 63312K, reserved 1103872K
  class space    used 8482K, capacity 8689K, committed 8784K, reserved 1048576K
}
Event: 298.318 GC heap after
{Heap after GC invocations=21 (full 1):
 garbage-first heap   total 90112K, used 24053K [0x0000000701000000, 0x0000000800000000)
  region size 2048K, 0 young (0K), 0 survivors (0K)
 Metaspace       used 62463K, capacity 63150K, committed 63312K, reserved 1103872K
  class space    used 8479K, capacity 8684K, committed 8784K, reserved 1048576K
}
Event: 298.641 GC heap before
{Heap before GC invocations=21 (full 1):
 garbage-first heap   total 90112K, used 69109K [0x0000000701000000, 0x0000000800000000)
  region size 2048K, 23 young (47104K), 0 survivors (0K)
 Metaspace       used 62585K, capacity 63349K, committed 63568K, reserved 1103872K
  class space    used 8496K, capacity 8729K, committed 8784K, reserved 1048576K
}
Event: 298.646 GC heap after
{Heap after GC invocations=22 (full 1):
 garbage-first heap   total 90112K, used 26774K [0x0000000701000000, 0x0000000800000000)
  region size 2048K, 2 young (4096K), 2 survivors (4096K)
 Metaspace       used 62585K, capacity 63349K, committed 63568K, reserved 1103872K
  class space    used 8496K, capacity 8729K, committed 8784K, reserved 1048576K
}
Event: 299.086 GC heap before
{Heap before GC invocations=22 (full 1):
 garbage-first heap   total 90112K, used 67734K [0x0000000701000000, 0x0000000800000000)
  region size 2048K, 23 young (47104K), 2 survivors (4096K)
 Metaspace       used 62766K, capacity 63507K, committed 63568K, reserved 1103872K
  class space    used 8513K, capacity 8736K, committed 8784K, reserved 1048576K
}
Event: 299.089 GC heap after
{Heap after GC invocations=23 (full 1):
 garbage-first heap   total 90112K, used 28003K [0x0000000701000000, 0x0000000800000000)
  region size 2048K, 2 young (4096K), 2 survivors (4096K)
 Metaspace       used 62766K, capacity 63507K, committed 63568K, reserved 1103872K
  class space    used 8513K, capacity 8736K, committed 8784K, reserved 1048576K
}
Event: 301.262 GC heap before
{Heap before GC invocations=23 (full 1):
 garbage-first heap   total 90112K, used 56675K [0x0000000701000000, 0x0000000800000000)
  region size 2048K, 17 young (34816K), 2 survivors (4096K)
 Metaspace       used 62955K, capacity 63800K, committed 63952K, reserved 1103872K
  class space    used 8530K, capacity 8786K, committed 8912K, reserved 1048576K
}

